<?xml version="1.0" encoding="UTF-8"?>
<!-- Generated by org.testng.reporters.JUnitReportReporter -->
<testsuite skipped="0" hostname="sharmilas-mbp.lan" name="upgradeInPackage.NewTest" tests="10" failures="0" timestamp="2021-01-24T17:23:47 EST" time="24.397" errors="0">
  <testcase name="lauchBrowserRateCheck" time="3.604" classname="upgradeInPackage.NewTest"/>
  <system-out/>
  <testcase name="checkYourRate" time="0.835" classname="upgradeInPackage.NewTest"/>
  <system-out/>
  <testcase name="basicInfoPage" time="1.022" classname="upgradeInPackage.NewTest"/>
  <system-out/>
  <testcase name="annualIncomeInfoPage" time="0.221" classname="upgradeInPackage.NewTest"/>
  <system-out/>
  <testcase name="createAccountPage" time="0.541" classname="upgradeInPackage.NewTest"/>
  <system-out/>
  <testcase name="offersPage" time="9.790" classname="upgradeInPackage.NewTest"/>
  <system-out/>
  <testcase name="lauchBrowserPortal" time="1.173" classname="upgradeInPackage.NewTest"/>
  <system-out/>
  <testcase name="upgradePortalLoginPage" time="0.573" classname="upgradeInPackage.NewTest"/>
  <system-out/>
  <testcase name="offersPageValidation" time="6.117" classname="upgradeInPackage.NewTest"/>
  <system-out/>
  <testcase name="quitBrowser1" time="0.521" classname="upgradeInPackage.NewTest"/>
  <system-out/>
</testsuite> <!-- upgradeInPackage.NewTest -->
