<?xml version="1.0" encoding="UTF-8"?>
<!-- Generated by org.testng.reporters.JUnitReportReporter -->
<testsuite skipped="0" hostname="sharmilas-mbp.lan" name="apitest.CredApiTest" tests="3" failures="0" timestamp="2021-01-24T17:14:04 EST" time="3.829" errors="0">
  <testcase name="apiCallWithInvalidCred_returnsStatus401" time="1.805" classname="apitest.CredApiTest"/>
  <system-out/>
  <testcase name="apiCallWithValidCred_returnsStatus200" time="0.978" classname="apitest.CredApiTest"/>
  <system-out/>
  <testcase name="apiCallWithValidCreds_checkProductType" time="1.046" classname="apitest.CredApiTest"/>
  <system-out/>
</testsuite> <!-- apitest.CredApiTest -->
