<?xml version="1.0" encoding="UTF-8"?>
<!-- Generated by org.testng.reporters.JUnitReportReporter -->
<testsuite skipped="0" hostname="sharmilas-mbp.lan" name="com.upgradeinc.ui.CredifyAccountCreationTest" tests="10" failures="0" timestamp="2021-01-30T21:50:35 EST" time="28.256" errors="0">
  <testcase name="launchBrowserValidateTitleForRateCheck" time="5.762" classname="com.upgradeinc.ui.CredifyAccountCreationTest"/>
  <system-out/>
  <testcase name="checkYourRate" time="1.881" classname="com.upgradeinc.ui.CredifyAccountCreationTest"/>
  <system-out/>
  <testcase name="basicInfoPage" time="1.105" classname="com.upgradeinc.ui.CredifyAccountCreationTest"/>
  <system-out/>
  <testcase name="annualIncomeInfoPage" time="0.216" classname="com.upgradeinc.ui.CredifyAccountCreationTest"/>
  <system-out/>
  <testcase name="createAccountPage" time="0.606" classname="com.upgradeinc.ui.CredifyAccountCreationTest"/>
  <system-out/>
  <testcase name="offersPage" time="11.349" classname="com.upgradeinc.ui.CredifyAccountCreationTest"/>
  <system-out/>
  <testcase name="launchBrowserValidateTitleForLoginPortal" time="0.974" classname="com.upgradeinc.ui.CredifyAccountCreationTest"/>
  <system-out/>
  <testcase name="upgradePortalLoginPage" time="0.649" classname="com.upgradeinc.ui.CredifyAccountCreationTest"/>
  <system-out/>
  <testcase name="offersPageValidation" time="5.120" classname="com.upgradeinc.ui.CredifyAccountCreationTest"/>
  <system-out/>
  <testcase name="closeBrowser" time="0.594" classname="com.upgradeinc.ui.CredifyAccountCreationTest"/>
  <system-out/>
</testsuite> <!-- com.upgradeinc.ui.CredifyAccountCreationTest -->
