<?xml version="1.0" encoding="UTF-8"?>
<!-- Generated by org.testng.reporters.JUnitReportReporter -->
<testsuite skipped="0" hostname="sharmilas-mbp.lan" name="upgradeinc.ui.NewTest" tests="10" failures="0" timestamp="2021-01-24T21:28:09 EST" time="24.024" errors="0">
  <testcase name="lauchBrowserRateCheck" time="4.666" classname="upgradeinc.ui.NewTest"/>
  <system-out/>
  <testcase name="checkYourRate" time="0.866" classname="upgradeinc.ui.NewTest"/>
  <system-out/>
  <testcase name="basicInfoPage" time="1.095" classname="upgradeinc.ui.NewTest"/>
  <system-out/>
  <testcase name="annualIncomeInfoPage" time="0.232" classname="upgradeinc.ui.NewTest"/>
  <system-out/>
  <testcase name="createAccountPage" time="0.546" classname="upgradeinc.ui.NewTest"/>
  <system-out/>
  <testcase name="offersPage" time="8.776" classname="upgradeinc.ui.NewTest"/>
  <system-out/>
  <testcase name="lauchBrowserPortal" time="1.137" classname="upgradeinc.ui.NewTest"/>
  <system-out/>
  <testcase name="upgradePortalLoginPage" time="0.456" classname="upgradeinc.ui.NewTest"/>
  <system-out/>
  <testcase name="offersPageValidation" time="5.656" classname="upgradeinc.ui.NewTest"/>
  <system-out/>
  <testcase name="quitBrowser1" time="0.594" classname="upgradeinc.ui.NewTest"/>
  <system-out/>
</testsuite> <!-- upgradeinc.ui.NewTest -->
