<?xml version="1.0" encoding="UTF-8"?>
<!-- Generated by org.testng.reporters.JUnitReportReporter -->
<testsuite skipped="0" hostname="sharmilas-mbp.lan" name="com.upgradeinc.ui.CredifyAccountCreationTest" tests="10" failures="0" timestamp="2021-01-25T13:28:47 EST" time="23.717" errors="0">
  <testcase name="launchBrowserValidateTitleForRateCheck" time="4.525" classname="com.upgradeinc.ui.CredifyAccountCreationTest"/>
  <system-out/>
  <testcase name="checkYourRate" time="0.840" classname="com.upgradeinc.ui.CredifyAccountCreationTest"/>
  <system-out/>
  <testcase name="basicInfoPage" time="1.038" classname="com.upgradeinc.ui.CredifyAccountCreationTest"/>
  <system-out/>
  <testcase name="annualIncomeInfoPage" time="0.214" classname="com.upgradeinc.ui.CredifyAccountCreationTest"/>
  <system-out/>
  <testcase name="createAccountPage" time="0.530" classname="com.upgradeinc.ui.CredifyAccountCreationTest"/>
  <system-out/>
  <testcase name="offersPage" time="8.633" classname="com.upgradeinc.ui.CredifyAccountCreationTest"/>
  <system-out/>
  <testcase name="launchBrowserValidateTitleForLoginPortal" time="1.158" classname="com.upgradeinc.ui.CredifyAccountCreationTest"/>
  <system-out/>
  <testcase name="upgradePortalLoginPage" time="0.604" classname="com.upgradeinc.ui.CredifyAccountCreationTest"/>
  <system-out/>
  <testcase name="offersPageValidation" time="5.678" classname="com.upgradeinc.ui.CredifyAccountCreationTest"/>
  <system-out/>
  <testcase name="closeBrowser" time="0.497" classname="com.upgradeinc.ui.CredifyAccountCreationTest"/>
  <system-out/>
</testsuite> <!-- com.upgradeinc.ui.CredifyAccountCreationTest -->
