<?xml version="1.0" encoding="UTF-8"?>
<!-- Generated by org.testng.reporters.JUnitReportReporter -->
<testsuite skipped="0" hostname="sharmilas-mbp.lan" name="com.upgradeinc.ui.CredifyAccountCreationTest" tests="10" failures="0" timestamp="2021-01-25T13:29:25 EST" time="22.708" errors="0">
  <testcase name="launchBrowserValidateTitleForRateCheck" time="3.130" classname="com.upgradeinc.ui.CredifyAccountCreationTest"/>
  <system-out/>
  <testcase name="checkYourRate" time="0.830" classname="com.upgradeinc.ui.CredifyAccountCreationTest"/>
  <system-out/>
  <testcase name="basicInfoPage" time="1.043" classname="com.upgradeinc.ui.CredifyAccountCreationTest"/>
  <system-out/>
  <testcase name="annualIncomeInfoPage" time="0.202" classname="com.upgradeinc.ui.CredifyAccountCreationTest"/>
  <system-out/>
  <testcase name="createAccountPage" time="0.510" classname="com.upgradeinc.ui.CredifyAccountCreationTest"/>
  <system-out/>
  <testcase name="offersPage" time="9.203" classname="com.upgradeinc.ui.CredifyAccountCreationTest"/>
  <system-out/>
  <testcase name="launchBrowserValidateTitleForLoginPortal" time="0.803" classname="com.upgradeinc.ui.CredifyAccountCreationTest"/>
  <system-out/>
  <testcase name="upgradePortalLoginPage" time="0.902" classname="com.upgradeinc.ui.CredifyAccountCreationTest"/>
  <system-out/>
  <testcase name="offersPageValidation" time="5.604" classname="com.upgradeinc.ui.CredifyAccountCreationTest"/>
  <system-out/>
  <testcase name="closeBrowser" time="0.481" classname="com.upgradeinc.ui.CredifyAccountCreationTest"/>
  <system-out/>
</testsuite> <!-- com.upgradeinc.ui.CredifyAccountCreationTest -->
