<?xml version="1.0" encoding="UTF-8"?>
<!-- Generated by org.testng.reporters.JUnitReportReporter -->
<testsuite skipped="0" hostname="sharmilas-mbp.lan" name="com.upgradeinc.restapi.CredApiTest" tests="3" failures="0" timestamp="2021-01-30T21:52:34 EST" time="2.986" errors="0">
  <testcase name="apiCallWithInvalidCred_returnsStatus401" time="1.216" classname="com.upgradeinc.restapi.CredApiTest"/>
  <system-out/>
  <testcase name="apiCallWithValidCreds_checkProductType" time="0.853" classname="com.upgradeinc.restapi.CredApiTest"/>
  <system-out/>
  <testcase name="apiCallWithValidCred_returnsStatus200" time="0.917" classname="com.upgradeinc.restapi.CredApiTest"/>
  <system-out/>
</testsuite> <!-- com.upgradeinc.restapi.CredApiTest -->
