<?xml version="1.0" encoding="UTF-8"?>
<!-- Generated by org.testng.reporters.JUnitReportReporter -->
<testsuite skipped="0" hostname="sharmilas-mbp.lan" name="com.upgradeinc.ui.CredifyAccountCreationTest" tests="10" failures="0" timestamp="2021-01-30T21:52:34 EST" time="26.080" errors="0">
  <testcase name="launchBrowserValidateTitleForRateCheck" time="4.807" classname="com.upgradeinc.ui.CredifyAccountCreationTest"/>
  <system-out/>
  <testcase name="checkYourRate" time="1.844" classname="com.upgradeinc.ui.CredifyAccountCreationTest"/>
  <system-out/>
  <testcase name="basicInfoPage" time="1.119" classname="com.upgradeinc.ui.CredifyAccountCreationTest"/>
  <system-out/>
  <testcase name="annualIncomeInfoPage" time="0.210" classname="com.upgradeinc.ui.CredifyAccountCreationTest"/>
  <system-out/>
  <testcase name="createAccountPage" time="0.578" classname="com.upgradeinc.ui.CredifyAccountCreationTest"/>
  <system-out/>
  <testcase name="offersPage" time="9.823" classname="com.upgradeinc.ui.CredifyAccountCreationTest"/>
  <system-out/>
  <testcase name="launchBrowserValidateTitleForLoginPortal" time="1.155" classname="com.upgradeinc.ui.CredifyAccountCreationTest"/>
  <system-out/>
  <testcase name="upgradePortalLoginPage" time="0.440" classname="com.upgradeinc.ui.CredifyAccountCreationTest"/>
  <system-out/>
  <testcase name="offersPageValidation" time="5.602" classname="com.upgradeinc.ui.CredifyAccountCreationTest"/>
  <system-out/>
  <testcase name="closeBrowser" time="0.502" classname="com.upgradeinc.ui.CredifyAccountCreationTest"/>
  <system-out/>
</testsuite> <!-- com.upgradeinc.ui.CredifyAccountCreationTest -->
